Warning[203] C:\USERS\SKYLL\MPLABXPROJECTS\CRONOS_REGRE.X\CRONUS.ASM 82 : Found opcode in column 1. (CLRF)
Warning[203] C:\USERS\SKYLL\MPLABXPROJECTS\CRONOS_REGRE.X\CRONUS.ASM 83 : Found opcode in column 1. (BSF)
Warning[203] C:\USERS\SKYLL\MPLABXPROJECTS\CRONOS_REGRE.X\CRONUS.ASM 84 : Found opcode in column 1. (BSF)
Warning[203] C:\USERS\SKYLL\MPLABXPROJECTS\CRONOS_REGRE.X\CRONUS.ASM 85 : Found opcode in column 1. (BCF)
Warning[203] C:\USERS\SKYLL\MPLABXPROJECTS\CRONOS_REGRE.X\CRONUS.ASM 86 : Found opcode in column 1. (MOVLW)
Warning[203] C:\USERS\SKYLL\MPLABXPROJECTS\CRONOS_REGRE.X\CRONUS.ASM 87 : Found opcode in column 1. (MOVWF)
Warning[203] C:\USERS\SKYLL\MPLABXPROJECTS\CRONOS_REGRE.X\CRONUS.ASM 88 : Found opcode in column 1. (MOVWF)
Warning[203] C:\USERS\SKYLL\MPLABXPROJECTS\CRONOS_REGRE.X\CRONUS.ASM 90 : Found opcode in column 1. (rcall)
Warning[203] C:\USERS\SKYLL\MPLABXPROJECTS\CRONOS_REGRE.X\CRONUS.ASM 91 : Found opcode in column 1. (rcall)
Warning[203] C:\USERS\SKYLL\MPLABXPROJECTS\CRONOS_REGRE.X\CRONUS.ASM 92 : Found opcode in column 1. (rcall)
Warning[203] C:\USERS\SKYLL\MPLABXPROJECTS\CRONOS_REGRE.X\CRONUS.ASM 95 : Found opcode in column 1. (BTFSC)
Warning[203] C:\USERS\SKYLL\MPLABXPROJECTS\CRONOS_REGRE.X\CRONUS.ASM 96 : Found opcode in column 1. (RCALL)
Warning[203] C:\USERS\SKYLL\MPLABXPROJECTS\CRONOS_REGRE.X\CRONUS.ASM 97 : Found opcode in column 1. (BTFSS)
Warning[203] C:\USERS\SKYLL\MPLABXPROJECTS\CRONOS_REGRE.X\CRONUS.ASM 98 : Found opcode in column 1. (BRA)
Warning[203] C:\USERS\SKYLL\MPLABXPROJECTS\CRONOS_REGRE.X\CRONUS.ASM 100 : Found opcode in column 1. (DECF)
Warning[203] C:\USERS\SKYLL\MPLABXPROJECTS\CRONOS_REGRE.X\CRONUS.ASM 101 : Found opcode in column 1. (call)
Warning[203] C:\USERS\SKYLL\MPLABXPROJECTS\CRONOS_REGRE.X\CRONUS.ASM 102 : Found opcode in column 1. (MOVWF)
Warning[203] C:\USERS\SKYLL\MPLABXPROJECTS\CRONOS_REGRE.X\CRONUS.ASM 103 : Found opcode in column 1. (MOVWF)
Warning[203] C:\USERS\SKYLL\MPLABXPROJECTS\CRONOS_REGRE.X\CRONUS.ASM 104 : Found opcode in column 1. (CALL)
Warning[203] C:\USERS\SKYLL\MPLABXPROJECTS\CRONOS_REGRE.X\CRONUS.ASM 105 : Found opcode in column 1. (MOVF)
Warning[203] C:\USERS\SKYLL\MPLABXPROJECTS\CRONOS_REGRE.X\CRONUS.ASM 106 : Found opcode in column 1. (BNZ)
Warning[203] C:\USERS\SKYLL\MPLABXPROJECTS\CRONOS_REGRE.X\CRONUS.ASM 109 : Found opcode in column 1. (MOVLW)
Warning[203] C:\USERS\SKYLL\MPLABXPROJECTS\CRONOS_REGRE.X\CRONUS.ASM 110 : Found opcode in column 1. (MOVWF)
Warning[203] C:\USERS\SKYLL\MPLABXPROJECTS\CRONOS_REGRE.X\CRONUS.ASM 112 : Found opcode in column 1. (RCALL)
Warning[203] C:\USERS\SKYLL\MPLABXPROJECTS\CRONOS_REGRE.X\CRONUS.ASM 113 : Found opcode in column 1. (RCALL)
Warning[203] C:\USERS\SKYLL\MPLABXPROJECTS\CRONOS_REGRE.X\CRONUS.ASM 114 : Found opcode in column 1. (RCALL)
Warning[203] C:\USERS\SKYLL\MPLABXPROJECTS\CRONOS_REGRE.X\CRONUS.ASM 115 : Found opcode in column 1. (RCALL)
Warning[203] C:\USERS\SKYLL\MPLABXPROJECTS\CRONOS_REGRE.X\CRONUS.ASM 116 : Found opcode in column 1. (RCALL)
Warning[203] C:\USERS\SKYLL\MPLABXPROJECTS\CRONOS_REGRE.X\CRONUS.ASM 117 : Found opcode in column 1. (DECFSZ)
Warning[203] C:\USERS\SKYLL\MPLABXPROJECTS\CRONOS_REGRE.X\CRONUS.ASM 118 : Found opcode in column 1. (BRA)
Warning[203] C:\USERS\SKYLL\MPLABXPROJECTS\CRONOS_REGRE.X\CRONUS.ASM 119 : Found opcode in column 1. (BSF)
Warning[203] C:\USERS\SKYLL\MPLABXPROJECTS\CRONOS_REGRE.X\CRONUS.ASM 120 : Found opcode in column 1. (MOVLW)
Warning[203] C:\USERS\SKYLL\MPLABXPROJECTS\CRONOS_REGRE.X\CRONUS.ASM 121 : Found opcode in column 1. (MOVWF)
Warning[203] C:\USERS\SKYLL\MPLABXPROJECTS\CRONOS_REGRE.X\CRONUS.ASM 123 : Found opcode in column 1. (RCALL)
Warning[203] C:\USERS\SKYLL\MPLABXPROJECTS\CRONOS_REGRE.X\CRONUS.ASM 124 : Found opcode in column 1. (DECFSZ)
Warning[203] C:\USERS\SKYLL\MPLABXPROJECTS\CRONOS_REGRE.X\CRONUS.ASM 125 : Found opcode in column 1. (BRA)
Warning[203] C:\USERS\SKYLL\MPLABXPROJECTS\CRONOS_REGRE.X\CRONUS.ASM 126 : Found opcode in column 1. (BCF)
Warning[203] C:\USERS\SKYLL\MPLABXPROJECTS\CRONOS_REGRE.X\CRONUS.ASM 127 : Found opcode in column 1. (BTFSC)
Warning[203] C:\USERS\SKYLL\MPLABXPROJECTS\CRONOS_REGRE.X\CRONUS.ASM 128 : Found opcode in column 1. (GOTO)
Warning[203] C:\USERS\SKYLL\MPLABXPROJECTS\CRONOS_REGRE.X\CRONUS.ASM 129 : Found opcode in column 1. (BTFSC)
Warning[203] C:\USERS\SKYLL\MPLABXPROJECTS\CRONOS_REGRE.X\CRONUS.ASM 130 : Found opcode in column 1. (GOTO)
Warning[203] C:\USERS\SKYLL\MPLABXPROJECTS\CRONOS_REGRE.X\CRONUS.ASM 131 : Found opcode in column 1. (BRA)
Warning[203] C:\USERS\SKYLL\MPLABXPROJECTS\CRONOS_REGRE.X\CRONUS.ASM 135 : Found opcode in column 1. (MOVLW)
Warning[203] C:\USERS\SKYLL\MPLABXPROJECTS\CRONOS_REGRE.X\CRONUS.ASM 136 : Found opcode in column 1. (ADDWF)
Warning[203] C:\USERS\SKYLL\MPLABXPROJECTS\CRONOS_REGRE.X\CRONUS.ASM 137 : Found opcode in column 1. (DAW)
Warning[203] C:\USERS\SKYLL\MPLABXPROJECTS\CRONOS_REGRE.X\CRONUS.ASM 138 : Found opcode in column 1. (MOVWF)
Warning[203] C:\USERS\SKYLL\MPLABXPROJECTS\CRONOS_REGRE.X\CRONUS.ASM 139 : Found opcode in column 1. (MOVWF)
Warning[203] C:\USERS\SKYLL\MPLABXPROJECTS\CRONOS_REGRE.X\CRONUS.ASM 140 : Found opcode in column 1. (RETURN)
